<?xml version="1.0" encoding="UTF-8"?>
<!-- Generated by org.testng.reporters.JUnitReportReporter -->
<testsuite name="TestCases.imp" tests="2" time="0.020" ignored="0" failures="0" timestamp="07 Oct 2020 05:31:54 GMT" skipped="0" hostname="DESKTOP-2I5VKIH" errors="0">
  <testcase name="imp2" time="0.011" classname="TestCases.imp"/>
  <testcase name="imp1" time="0.009" classname="TestCases.imp"/>
</testsuite> <!-- TestCases.imp -->
