<?xml version="1.0" encoding="UTF-8"?>
<!-- Generated by org.testng.reporters.JUnitReportReporter -->
<testsuite name="TestCases.PA" tests="2" time="19.984" ignored="0" failures="0" timestamp="03 Oct 2020 19:30:37 GMT" skipped="0" hostname="DESKTOP-2I5VKIH" errors="0">
  <testcase name="OpenProfile" time="15.829" classname="TestCases.PA"/>
  <testcase name="logout" time="4.155" classname="TestCases.PA"/>
</testsuite> <!-- TestCases.PA -->
