<?xml version="1.0" encoding="UTF-8"?>
<!-- Generated by org.testng.reporters.JUnitReportReporter -->
<testsuite name="TestCases.DBConnection" tests="1" time="3.424" ignored="0" failures="0" timestamp="06 Oct 2020 12:05:46 GMT" skipped="0" hostname="DESKTOP-2I5VKIH" errors="0">
  <testcase name="DBConnectionandSqlScriptExecution" time="3.424" classname="TestCases.DBConnection"/>
</testsuite> <!-- TestCases.DBConnection -->
