<?xml version="1.0" encoding="UTF-8"?>
<!-- Generated by org.testng.reporters.JUnitReportReporter -->
<testsuite name="TestCases.imp2" tests="2" time="0.007" ignored="0" failures="0" timestamp="07 Oct 2020 05:31:54 GMT" skipped="0" hostname="DESKTOP-2I5VKIH" errors="0">
  <testcase name="imp123" time="0.002" classname="TestCases.imp2"/>
  <testcase name="imp456" time="0.005" classname="TestCases.imp2"/>
</testsuite> <!-- TestCases.imp2 -->
