<?xml version="1.0" encoding="UTF-8"?>
<!-- Generated by org.testng.reporters.JUnitReportReporter -->
<testsuite name="TestCases.LoginApplicationManagerTC" tests="1" time="9.907" ignored="0" failures="0" timestamp="03 Oct 2020 19:28:37 GMT" skipped="0" hostname="DESKTOP-2I5VKIH" errors="0">
  <testcase name="login" time="9.907" classname="TestCases.LoginApplicationManagerTC"/>
</testsuite> <!-- TestCases.LoginApplicationManagerTC -->
