<?xml version="1.0" encoding="UTF-8"?>
<!-- Generated by org.testng.reporters.JUnitReportReporter -->
<testsuite name="TestCases.RestoreDB" tests="1" time="180.001" ignored="0" failures="0" timestamp="06 Oct 2020 10:55:33 GMT" skipped="0" hostname="DESKTOP-2I5VKIH" errors="0">
  <testcase name="RestoreDatabase" time="180.001" classname="TestCases.RestoreDB"/>
</testsuite> <!-- TestCases.RestoreDB -->
